  SpecComponent.cpp
c:\program files (x86)\microsoft sdks\windows\v7.0a\include\sal_supp.h(57): warning C4005: "__useHeader": Makro-Neudefinition
  c:\program files (x86)\microsoft visual studio 14.0\vc\include\sal.h(2886): note: Siehe vorherige Definition von "__useHeader"
c:\program files (x86)\microsoft sdks\windows\v7.0a\include\specstrings_supp.h(77): warning C4005: "__on_failure": Makro-Neudefinition
  c:\program files (x86)\microsoft visual studio 14.0\vc\include\sal.h(2896): note: Siehe vorherige Definition von "__on_failure"
c:\users\christian\documents\github\myengine\dep\include\chaiscript\language\chaiscript_parser.hpp(2441): warning C4602: #pragma pop_macro: "min" Kein vorangehendes "#pragma push_macro" für diesen Bezeichner definiert
c:\users\christian\documents\github\myengine\dep\include\chaiscript\language\chaiscript_parser.hpp(2442): warning C4602: #pragma pop_macro: "max" Kein vorangehendes "#pragma push_macro" für diesen Bezeichner definiert
c:\users\christian\documents\github\myengine\camera3d.h(25): warning C4099: "Ray": Geben Sie den zuerst unter Verwendung von "class" und jetzt unter Verwendung von "struct" gesehenen Namen ein
  c:\users\christian\documents\github\myengine\camera3d.h(24): note: Siehe Deklaration von "Ray"
c:\users\christian\documents\github\myengine\speccomponent.h(29): warning C4099: "Ray": Geben Sie den zuerst unter Verwendung von "struct" und jetzt unter Verwendung von "class" gesehenen Namen ein
  c:\users\christian\documents\github\myengine\camera3d.h(25): note: Siehe Deklaration von "Ray"
c:\users\christian\documents\github\myengine\speccomponent.cpp(213): warning C4244: "Argument": Konvertierung von "unsigned int" in "const float", möglicher Datenverlust
c:\users\christian\documents\github\myengine\speccomponent.cpp(232): warning C4018: "<": Konflikt zwischen "signed" und "unsigned"
c:\users\christian\documents\github\myengine\speccomponent.cpp(342): warning C4018: "<": Konflikt zwischen "signed" und "unsigned"
  Scene.cpp
c:\program files (x86)\microsoft sdks\windows\v7.0a\include\sal_supp.h(57): warning C4005: "__useHeader": Makro-Neudefinition
  c:\program files (x86)\microsoft visual studio 14.0\vc\include\sal.h(2886): note: Siehe vorherige Definition von "__useHeader"
c:\program files (x86)\microsoft sdks\windows\v7.0a\include\specstrings_supp.h(77): warning C4005: "__on_failure": Makro-Neudefinition
  c:\program files (x86)\microsoft visual studio 14.0\vc\include\sal.h(2896): note: Siehe vorherige Definition von "__on_failure"
c:\users\christian\documents\github\myengine\camera3d.h(25): warning C4099: "Ray": Geben Sie den zuerst unter Verwendung von "class" und jetzt unter Verwendung von "struct" gesehenen Namen ein
  c:\users\christian\documents\github\myengine\camera3d.h(24): note: Siehe Deklaration von "Ray"
c:\users\christian\documents\github\myengine\speccomponent.h(29): warning C4099: "Ray": Geben Sie den zuerst unter Verwendung von "struct" und jetzt unter Verwendung von "class" gesehenen Namen ein
  c:\users\christian\documents\github\myengine\camera3d.h(25): note: Siehe Deklaration von "Ray"
c:\users\christian\documents\github\myengine\scene.cpp(42): warning C4244: "Argument": Konvertierung von "double" in "float", möglicher Datenverlust
c:\users\christian\documents\github\myengine\scene.cpp(132): error C2039: "render": Ist kein Element von "Entity"
  c:\users\christian\documents\github\myengine\speccomponent.h(31): note: Siehe Deklaration von "Entity"
c:\users\christian\documents\github\myengine\scene.cpp(374): warning C4244: "Argument": Konvertierung von "double" in "float", möglicher Datenverlust
c:\users\christian\documents\github\myengine\scene.cpp(393): warning C4244: "Argument": Konvertierung von "double" in "float", möglicher Datenverlust
  Maingame.cpp
c:\program files (x86)\microsoft sdks\windows\v7.0a\include\sal_supp.h(57): warning C4005: "__useHeader": Makro-Neudefinition
  c:\program files (x86)\microsoft visual studio 14.0\vc\include\sal.h(2886): note: Siehe vorherige Definition von "__useHeader"
c:\program files (x86)\microsoft sdks\windows\v7.0a\include\specstrings_supp.h(77): warning C4005: "__on_failure": Makro-Neudefinition
  c:\program files (x86)\microsoft visual studio 14.0\vc\include\sal.h(2896): note: Siehe vorherige Definition von "__on_failure"
c:\users\christian\documents\github\myengine\dep\include\chaiscript\language\chaiscript_parser.hpp(2441): warning C4602: #pragma pop_macro: "min" Kein vorangehendes "#pragma push_macro" für diesen Bezeichner definiert
c:\users\christian\documents\github\myengine\dep\include\chaiscript\language\chaiscript_parser.hpp(2442): warning C4602: #pragma pop_macro: "max" Kein vorangehendes "#pragma push_macro" für diesen Bezeichner definiert
c:\users\christian\documents\github\myengine\camera3d.h(25): warning C4099: "Ray": Geben Sie den zuerst unter Verwendung von "class" und jetzt unter Verwendung von "struct" gesehenen Namen ein
  c:\users\christian\documents\github\myengine\camera3d.h(24): note: Siehe Deklaration von "Ray"
c:\users\christian\documents\github\myengine\speccomponent.h(29): warning C4099: "Ray": Geben Sie den zuerst unter Verwendung von "struct" und jetzt unter Verwendung von "class" gesehenen Namen ein
  c:\users\christian\documents\github\myengine\camera3d.h(25): note: Siehe Deklaration von "Ray"
c:\users\christian\documents\github\myengine\engine.h(60): warning C4150: Löschen eines Zeigers auf den nicht definierten Typ "LuaEngine". Destruktor wurde nicht aufgerufen.
  c:\users\christian\documents\github\myengine\servicelocator.h(10): note: Siehe Deklaration von "LuaEngine"
c:\users\christian\documents\github\myengine\maingame.cpp(104): warning C4244: "Argument": Konvertierung von "float" in "int", möglicher Datenverlust
c:\users\christian\documents\github\myengine\maingame.cpp(191): warning C4244: "Argument": Konvertierung von "float" in "int", möglicher Datenverlust
  LuaEngine.cpp
c:\program files (x86)\microsoft sdks\windows\v7.0a\include\sal_supp.h(57): warning C4005: "__useHeader": Makro-Neudefinition
  c:\program files (x86)\microsoft visual studio 14.0\vc\include\sal.h(2886): note: Siehe vorherige Definition von "__useHeader"
c:\program files (x86)\microsoft sdks\windows\v7.0a\include\specstrings_supp.h(77): warning C4005: "__on_failure": Makro-Neudefinition
  c:\program files (x86)\microsoft visual studio 14.0\vc\include\sal.h(2896): note: Siehe vorherige Definition von "__on_failure"
c:\users\christian\documents\github\myengine\camera3d.h(25): warning C4099: "Ray": Geben Sie den zuerst unter Verwendung von "class" und jetzt unter Verwendung von "struct" gesehenen Namen ein
  c:\users\christian\documents\github\myengine\camera3d.h(24): note: Siehe Deklaration von "Ray"
  Macro definition of max detected - undefining
  Macro definition of min detected - undefining
c:\users\christian\documents\github\myengine\speccomponent.h(29): warning C4099: "Ray": Geben Sie den zuerst unter Verwendung von "struct" und jetzt unter Verwendung von "class" gesehenen Namen ein
  c:\users\christian\documents\github\myengine\camera3d.h(25): note: Siehe Deklaration von "Ray"
c:\users\christian\documents\github\myengine\luaengine.cpp(9): error C2065: "Path": nichtdeklarierter Bezeichner
  Code wird generiert...
