C:\USERS\CHRISTIAN\DOCUMENTS\GITHUB\MYENGINE\DEBUG\ERRORS.OBJ
C:\USERS\CHRISTIAN\DOCUMENTS\GITHUB\MYENGINE\DEBUG\FBO.OBJ
C:\USERS\CHRISTIAN\DOCUMENTS\GITHUB\MYENGINE\DEBUG\INPUTMANAGER.OBJ
C:\USERS\CHRISTIAN\DOCUMENTS\GITHUB\MYENGINE\DEBUG\LIGHTING.OBJ
C:\USERS\CHRISTIAN\DOCUMENTS\GITHUB\MYENGINE\DEBUG\MAIN.OBJ
C:\USERS\CHRISTIAN\DOCUMENTS\GITHUB\MYENGINE\DEBUG\MAINGAME.OBJ
C:\USERS\CHRISTIAN\DOCUMENTS\GITHUB\MYENGINE\DEBUG\MATERIAL.OBJ
C:\USERS\CHRISTIAN\DOCUMENTS\GITHUB\MYENGINE\DEBUG\3DMATH.OBJ
C:\USERS\CHRISTIAN\DOCUMENTS\GITHUB\MYENGINE\DEBUG\MESH.OBJ
C:\USERS\CHRISTIAN\DOCUMENTS\GITHUB\MYENGINE\DEBUG\OBJECT.OBJ
C:\USERS\CHRISTIAN\DOCUMENTS\GITHUB\MYENGINE\DEBUG\PARTICLESYSTEM.OBJ
C:\USERS\CHRISTIAN\DOCUMENTS\GITHUB\MYENGINE\DEBUG\RENDERUTIL.OBJ
C:\USERS\CHRISTIAN\DOCUMENTS\GITHUB\MYENGINE\DEBUG\SCENE.OBJ
C:\USERS\CHRISTIAN\DOCUMENTS\GITHUB\MYENGINE\DEBUG\SHADER.OBJ
C:\USERS\CHRISTIAN\DOCUMENTS\GITHUB\MYENGINE\DEBUG\SHADOW.OBJ
C:\USERS\CHRISTIAN\DOCUMENTS\GITHUB\MYENGINE\DEBUG\TERRAIN.OBJ
C:\USERS\CHRISTIAN\DOCUMENTS\GITHUB\MYENGINE\DEBUG\TEXTURE.OBJ
C:\USERS\CHRISTIAN\DOCUMENTS\GITHUB\MYENGINE\DEBUG\TIMING.OBJ
C:\USERS\CHRISTIAN\DOCUMENTS\GITHUB\MYENGINE\DEBUG\TRANSFORM.OBJ
C:\USERS\CHRISTIAN\DOCUMENTS\GITHUB\MYENGINE\DEBUG\UIRENDERER.OBJ
C:\USERS\CHRISTIAN\DOCUMENTS\GITHUB\MYENGINE\DEBUG\CAMERA3D.OBJ
C:\USERS\CHRISTIAN\DOCUMENTS\GITHUB\MYENGINE\DEBUG\VC110.PDB
C:\USERS\CHRISTIAN\DOCUMENTS\GITHUB\MYENGINE\DEBUG\PROPERENGINE.ILK
C:\USERS\CHRISTIAN\DOCUMENTS\GITHUB\MYENGINE\DEBUG\PROPERENGINE.EXE
C:\USERS\CHRISTIAN\DOCUMENTS\GITHUB\MYENGINE\DEBUG\PROPERENGINE.PDB
C:\Users\Christian\Documents\GitHub\MyEngine\Debug\3DMath.obj
C:\Users\Christian\Documents\GitHub\MyEngine\Debug\Camera3d.obj
C:\Users\Christian\Documents\GitHub\MyEngine\Debug\Errors.obj
C:\Users\Christian\Documents\GitHub\MyEngine\Debug\FBO.obj
C:\Users\Christian\Documents\GitHub\MyEngine\Debug\InputManager.obj
C:\Users\Christian\Documents\GitHub\MyEngine\Debug\Lighting.obj
C:\Users\Christian\Documents\GitHub\MyEngine\Debug\main.obj
C:\Users\Christian\Documents\GitHub\MyEngine\Debug\Maingame.obj
C:\Users\Christian\Documents\GitHub\MyEngine\Debug\Material.obj
C:\Users\Christian\Documents\GitHub\MyEngine\Debug\Mesh.obj
C:\Users\Christian\Documents\GitHub\MyEngine\Debug\Object.obj
C:\Users\Christian\Documents\GitHub\MyEngine\Debug\ParticleSystem.obj
C:\Users\Christian\Documents\GitHub\MyEngine\Debug\RenderUtil.obj
C:\Users\Christian\Documents\GitHub\MyEngine\Debug\Scene.obj
C:\Users\Christian\Documents\GitHub\MyEngine\Debug\Shader.obj
C:\Users\Christian\Documents\GitHub\MyEngine\Debug\Shadow.obj
C:\Users\Christian\Documents\GitHub\MyEngine\Debug\Terrain.obj
C:\Users\Christian\Documents\GitHub\MyEngine\Debug\Texture.obj
C:\Users\Christian\Documents\GitHub\MyEngine\Debug\timing.obj
C:\Users\Christian\Documents\GitHub\MyEngine\Debug\Transform.obj
C:\Users\Christian\Documents\GitHub\MyEngine\Debug\UIrenderer.obj
C:\Users\Christian\Documents\GitHub\MyEngine\Debug\ProperEngine.ilk
C:\Users\Christian\Documents\GitHub\MyEngine\Debug\cl.command.1.tlog
C:\Users\Christian\Documents\GitHub\MyEngine\Debug\CL.read.1.tlog
C:\Users\Christian\Documents\GitHub\MyEngine\Debug\CL.write.1.tlog
C:\Users\Christian\Documents\GitHub\MyEngine\Debug\link-cvtres.read.1.tlog
C:\Users\Christian\Documents\GitHub\MyEngine\Debug\link-cvtres.write.1.tlog
C:\Users\Christian\Documents\GitHub\MyEngine\Debug\link-rc.read.1.tlog
C:\Users\Christian\Documents\GitHub\MyEngine\Debug\link-rc.write.1.tlog
C:\Users\Christian\Documents\GitHub\MyEngine\Debug\link.3096-cvtres.read.1.tlog
C:\Users\Christian\Documents\GitHub\MyEngine\Debug\link.3096-cvtres.write.1.tlog
C:\Users\Christian\Documents\GitHub\MyEngine\Debug\link.3096-rc.read.1.tlog
C:\Users\Christian\Documents\GitHub\MyEngine\Debug\link.3096-rc.write.1.tlog
C:\Users\Christian\Documents\GitHub\MyEngine\Debug\link.3096.read.1.tlog
C:\Users\Christian\Documents\GitHub\MyEngine\Debug\link.3096.write.1.tlog
C:\Users\Christian\Documents\GitHub\MyEngine\Debug\link.9564-cvtres.read.1.tlog
C:\Users\Christian\Documents\GitHub\MyEngine\Debug\link.9564-cvtres.write.1.tlog
C:\Users\Christian\Documents\GitHub\MyEngine\Debug\link.9564-rc.read.1.tlog
C:\Users\Christian\Documents\GitHub\MyEngine\Debug\link.9564-rc.write.1.tlog
C:\Users\Christian\Documents\GitHub\MyEngine\Debug\link.9564.read.1.tlog
C:\Users\Christian\Documents\GitHub\MyEngine\Debug\link.9564.write.1.tlog
C:\Users\Christian\Documents\GitHub\MyEngine\Debug\link.9708-cvtres.read.1.tlog
C:\Users\Christian\Documents\GitHub\MyEngine\Debug\link.9708-cvtres.write.1.tlog
C:\Users\Christian\Documents\GitHub\MyEngine\Debug\link.9708-rc.read.1.tlog
C:\Users\Christian\Documents\GitHub\MyEngine\Debug\link.9708-rc.write.1.tlog
C:\Users\Christian\Documents\GitHub\MyEngine\Debug\link.9708.read.1.tlog
C:\Users\Christian\Documents\GitHub\MyEngine\Debug\link.9708.write.1.tlog
C:\Users\Christian\Documents\GitHub\MyEngine\Debug\link.command.1.tlog
C:\Users\Christian\Documents\GitHub\MyEngine\Debug\link.read.1.tlog
C:\Users\Christian\Documents\GitHub\MyEngine\Debug\link.write.1.tlog
C:\Users\Christian\Documents\GitHub\MyEngine\Debug\vc110.idb
C:\Users\Christian\Documents\GitHub\MyEngine\Debug\ProperEngine.pdb
C:\Users\Christian\Documents\GitHub\MyEngine\Debug\vc110.pdb
C:\Users\Christian\Documents\GitHub\MyEngine\Debug\ProperEngine.exe
