Der Buildvorgang wurde am 15.08.2015 21:23:03 gestartet.
     1>Projekt "C:\Users\Christian\Documents\GitHub\MyEngine\Javaportc++.vcxproj" auf Knoten "2", Build Ziel(e).
     1>ClCompile:
         C:\Program Files (x86)\Microsoft Visual Studio 11.0\VC\bin\CL.exe /c /Zi /nologo /W3 /WX- /O2 /Oi /Oy- /GL /D WIN32 /D NDEBUG /D _CONSOLE /D _UNICODE /D UNICODE /Gm- /EHsc /MD /GS /Gy /fp:precise /Zc:wchar_t /Zc:forScope /Fo"Release\\" /Fd"Release\vc110.pdb" /Gd /TP /analyze- /errorReport:prompt Maingame.cpp
         Maingame.cpp
     1>c:\users\christian\documents\github\myengine\Camera3d.h(43): warning C4244: 'Argument': Konvertierung von 'int' in 'float', möglicher Datenverlust
     1>Maingame.cpp(27): warning C4244: '=': Konvertierung von 'float' in 'int', möglicher Datenverlust
     1>Maingame.cpp(28): warning C4244: '=': Konvertierung von 'float' in 'int', möglicher Datenverlust
     1>Maingame.cpp(81): warning C4244: 'Argument': Konvertierung von 'float' in 'int', möglicher Datenverlust
     1>Maingame.cpp(181): warning C4244: 'Argument': Konvertierung von 'GLuint' in 'GLfloat', möglicher Datenverlust
     1>Maingame.cpp(198): warning C4244: 'Argument': Konvertierung von 'long' in 'float', möglicher Datenverlust
       Link:
         C:\Program Files (x86)\Microsoft Visual Studio 11.0\VC\bin\link.exe /ERRORREPORT:PROMPT /OUT:"C:\Users\Christian\Documents\GitHub\MyEngine\Release\ProperEngine.exe" /INCREMENTAL:NO /NOLOGO SDL2.lib SDL2main.lib glew32.lib OpengL32.lib glu32.lib freetype26d.lib irrKlang.lib "CEGUIOpenGLRenderer-0.lib" "CEGUIBase-0.lib" kernel32.lib user32.lib gdi32.lib winspool.lib comdlg32.lib advapi32.lib shell32.lib ole32.lib oleaut32.lib uuid.lib odbc32.lib odbccp32.lib /MANIFEST /MANIFESTUAC:"level='asInvoker' uiAccess='false'" /manifest:embed /DEBUG /PDB:"C:\Users\Christian\Documents\GitHub\MyEngine\Release\ProperEngine.pdb" /SUBSYSTEM:CONSOLE /OPT:REF /OPT:ICF /LTCG /TLBID:1 /DYNAMICBASE /NXCOMPAT /IMPLIB:"C:\Users\Christian\Documents\GitHub\MyEngine\Release\ProperEngine.lib" /MACHINE:X86 /SAFESEH Release\Audio.obj
         Release\Camera3d.obj
         Release\Errors.obj
         Release\FBO.obj
         Release\InputManager.obj
         Release\Lighting.obj
         Release\main.obj
         Release\Maingame.obj
         Release\Material.obj
         Release\3DMath.obj
         Release\Mesh.obj
         Release\Object.obj
         Release\Observer.obj
         Release\ParticleSystem.obj
         Release\Picker.obj
         Release\RenderUtil.obj
         Release\Scene.obj
         Release\Shader.obj
         Release\Shadow.obj
         Release\Terrain.obj
         Release\Text.obj
         Release\Texture.obj
         Release\timing.obj
         Release\Transform.obj
         Release\UIrenderer.obj
         Release\Window.obj
     1>LINK : warning LNK4098: Standardbibliothek "MSVCRTD" steht in Konflikt mit anderen Bibliotheken; /NODEFAULTLIB:Bibliothek verwenden.
         Code wird generiert.
         Codegenerierung ist abgeschlossen.
     1>freetype26d.lib(autofit.obj) : warning LNK4099: PDB "freetype26d.pdb" wurde nicht mit "freetype26d.lib(autofit.obj)" oder an "C:\Users\Christian\Documents\GitHub\MyEngine\Release\freetype26d.pdb" gefunden; Objekt wird verknüpft, als ob keine Debuginformationen vorhanden wären.
     1>freetype26d.lib(bdf.obj) : warning LNK4099: PDB "freetype26d.pdb" wurde nicht mit "freetype26d.lib(bdf.obj)" oder an "C:\Users\Christian\Documents\GitHub\MyEngine\Release\freetype26d.pdb" gefunden; Objekt wird verknüpft, als ob keine Debuginformationen vorhanden wären.
     1>freetype26d.lib(cff.obj) : warning LNK4099: PDB "freetype26d.pdb" wurde nicht mit "freetype26d.lib(cff.obj)" oder an "C:\Users\Christian\Documents\GitHub\MyEngine\Release\freetype26d.pdb" gefunden; Objekt wird verknüpft, als ob keine Debuginformationen vorhanden wären.
     1>freetype26d.lib(ftbase.obj) : warning LNK4099: PDB "freetype26d.pdb" wurde nicht mit "freetype26d.lib(ftbase.obj)" oder an "C:\Users\Christian\Documents\GitHub\MyEngine\Release\freetype26d.pdb" gefunden; Objekt wird verknüpft, als ob keine Debuginformationen vorhanden wären.
     1>freetype26d.lib(ftbitmap.obj) : warning LNK4099: PDB "freetype26d.pdb" wurde nicht mit "freetype26d.lib(ftbitmap.obj)" oder an "C:\Users\Christian\Documents\GitHub\MyEngine\Release\freetype26d.pdb" gefunden; Objekt wird verknüpft, als ob keine Debuginformationen vorhanden wären.
     1>freetype26d.lib(ftdebug.obj) : warning LNK4099: PDB "freetype26d.pdb" wurde nicht mit "freetype26d.lib(ftdebug.obj)" oder an "C:\Users\Christian\Documents\GitHub\MyEngine\Release\freetype26d.pdb" gefunden; Objekt wird verknüpft, als ob keine Debuginformationen vorhanden wären.
     1>freetype26d.lib(ftgzip.obj) : warning LNK4099: PDB "freetype26d.pdb" wurde nicht mit "freetype26d.lib(ftgzip.obj)" oder an "C:\Users\Christian\Documents\GitHub\MyEngine\Release\freetype26d.pdb" gefunden; Objekt wird verknüpft, als ob keine Debuginformationen vorhanden wären.
     1>freetype26d.lib(ftinit.obj) : warning LNK4099: PDB "freetype26d.pdb" wurde nicht mit "freetype26d.lib(ftinit.obj)" oder an "C:\Users\Christian\Documents\GitHub\MyEngine\Release\freetype26d.pdb" gefunden; Objekt wird verknüpft, als ob keine Debuginformationen vorhanden wären.
     1>freetype26d.lib(ftlzw.obj) : warning LNK4099: PDB "freetype26d.pdb" wurde nicht mit "freetype26d.lib(ftlzw.obj)" oder an "C:\Users\Christian\Documents\GitHub\MyEngine\Release\freetype26d.pdb" gefunden; Objekt wird verknüpft, als ob keine Debuginformationen vorhanden wären.
     1>freetype26d.lib(ftsystem.obj) : warning LNK4099: PDB "freetype26d.pdb" wurde nicht mit "freetype26d.lib(ftsystem.obj)" oder an "C:\Users\Christian\Documents\GitHub\MyEngine\Release\freetype26d.pdb" gefunden; Objekt wird verknüpft, als ob keine Debuginformationen vorhanden wären.
     1>freetype26d.lib(smooth.obj) : warning LNK4099: PDB "freetype26d.pdb" wurde nicht mit "freetype26d.lib(smooth.obj)" oder an "C:\Users\Christian\Documents\GitHub\MyEngine\Release\freetype26d.pdb" gefunden; Objekt wird verknüpft, als ob keine Debuginformationen vorhanden wären.
     1>freetype26d.lib(pcf.obj) : warning LNK4099: PDB "freetype26d.pdb" wurde nicht mit "freetype26d.lib(pcf.obj)" oder an "C:\Users\Christian\Documents\GitHub\MyEngine\Release\freetype26d.pdb" gefunden; Objekt wird verknüpft, als ob keine Debuginformationen vorhanden wären.
     1>freetype26d.lib(pfr.obj) : warning LNK4099: PDB "freetype26d.pdb" wurde nicht mit "freetype26d.lib(pfr.obj)" oder an "C:\Users\Christian\Documents\GitHub\MyEngine\Release\freetype26d.pdb" gefunden; Objekt wird verknüpft, als ob keine Debuginformationen vorhanden wären.
     1>freetype26d.lib(psaux.obj) : warning LNK4099: PDB "freetype26d.pdb" wurde nicht mit "freetype26d.lib(psaux.obj)" oder an "C:\Users\Christian\Documents\GitHub\MyEngine\Release\freetype26d.pdb" gefunden; Objekt wird verknüpft, als ob keine Debuginformationen vorhanden wären.
     1>freetype26d.lib(pshinter.obj) : warning LNK4099: PDB "freetype26d.pdb" wurde nicht mit "freetype26d.lib(pshinter.obj)" oder an "C:\Users\Christian\Documents\GitHub\MyEngine\Release\freetype26d.pdb" gefunden; Objekt wird verknüpft, als ob keine Debuginformationen vorhanden wären.
     1>freetype26d.lib(psmodule.obj) : warning LNK4099: PDB "freetype26d.pdb" wurde nicht mit "freetype26d.lib(psmodule.obj)" oder an "C:\Users\Christian\Documents\GitHub\MyEngine\Release\freetype26d.pdb" gefunden; Objekt wird verknüpft, als ob keine Debuginformationen vorhanden wären.
     1>freetype26d.lib(raster.obj) : warning LNK4099: PDB "freetype26d.pdb" wurde nicht mit "freetype26d.lib(raster.obj)" oder an "C:\Users\Christian\Documents\GitHub\MyEngine\Release\freetype26d.pdb" gefunden; Objekt wird verknüpft, als ob keine Debuginformationen vorhanden wären.
     1>freetype26d.lib(sfnt.obj) : warning LNK4099: PDB "freetype26d.pdb" wurde nicht mit "freetype26d.lib(sfnt.obj)" oder an "C:\Users\Christian\Documents\GitHub\MyEngine\Release\freetype26d.pdb" gefunden; Objekt wird verknüpft, als ob keine Debuginformationen vorhanden wären.
     1>freetype26d.lib(truetype.obj) : warning LNK4099: PDB "freetype26d.pdb" wurde nicht mit "freetype26d.lib(truetype.obj)" oder an "C:\Users\Christian\Documents\GitHub\MyEngine\Release\freetype26d.pdb" gefunden; Objekt wird verknüpft, als ob keine Debuginformationen vorhanden wären.
     1>freetype26d.lib(type1.obj) : warning LNK4099: PDB "freetype26d.pdb" wurde nicht mit "freetype26d.lib(type1.obj)" oder an "C:\Users\Christian\Documents\GitHub\MyEngine\Release\freetype26d.pdb" gefunden; Objekt wird verknüpft, als ob keine Debuginformationen vorhanden wären.
     1>freetype26d.lib(type1cid.obj) : warning LNK4099: PDB "freetype26d.pdb" wurde nicht mit "freetype26d.lib(type1cid.obj)" oder an "C:\Users\Christian\Documents\GitHub\MyEngine\Release\freetype26d.pdb" gefunden; Objekt wird verknüpft, als ob keine Debuginformationen vorhanden wären.
     1>freetype26d.lib(type42.obj) : warning LNK4099: PDB "freetype26d.pdb" wurde nicht mit "freetype26d.lib(type42.obj)" oder an "C:\Users\Christian\Documents\GitHub\MyEngine\Release\freetype26d.pdb" gefunden; Objekt wird verknüpft, als ob keine Debuginformationen vorhanden wären.
     1>freetype26d.lib(winfnt.obj) : warning LNK4099: PDB "freetype26d.pdb" wurde nicht mit "freetype26d.lib(winfnt.obj)" oder an "C:\Users\Christian\Documents\GitHub\MyEngine\Release\freetype26d.pdb" gefunden; Objekt wird verknüpft, als ob keine Debuginformationen vorhanden wären.
         Javaportc++.vcxproj -> C:\Users\Christian\Documents\GitHub\MyEngine\Release\ProperEngine.exe
     1>Die Erstellung des Projekts "C:\Users\Christian\Documents\GitHub\MyEngine\Javaportc++.vcxproj" ist abgeschlossen, Build Ziel(e).

Build erfolgreich.

Verstrichene Zeit 00:00:06.44
